MuNote1_3/proguard/seeds.txt
com.laomu.note.MainActivity
com.laomu.note.MainActivity: MainActivity()
com.laomu.note.R$anim
com.laomu.note.R$anim: int alpha_in
com.laomu.note.R$anim: int alpha_out
com.laomu.note.R$anim: int anim_down
com.laomu.note.R$anim: int anim_up
com.laomu.note.R$anim: int loading_circle
com.laomu.note.R$anim: int loading_view_anim
com.laomu.note.R$anim: int shake_umeng_socialize_cycle_5
com.laomu.note.R$anim: int shake_umeng_socialize_dlg_alpha
com.laomu.note.R$anim: int shake_umeng_socialize_dlg_scale
com.laomu.note.R$anim: int shake_umeng_socialize_edit_anim
com.laomu.note.R$anim: int shake_umeng_socialize_imageview_rotate
com.laomu.note.R$anim: int shake_umeng_socialize_scrshot_dlg
com.laomu.note.R$anim: int umeng_socialize_fade_in
com.laomu.note.R$anim: int umeng_socialize_fade_out
com.laomu.note.R$anim: int umeng_socialize_shareboard_animation_in
com.laomu.note.R$anim: int umeng_socialize_shareboard_animation_out
com.laomu.note.R$anim: int umeng_socialize_slide_in_from_bottom
com.laomu.note.R$anim: int umeng_socialize_slide_out_from_bottom
com.laomu.note.R$attr
com.laomu.note.R$attr: int behindOffset
com.laomu.note.R$attr: int behindScrollScale
com.laomu.note.R$attr: int behindWidth
com.laomu.note.R$attr: int fadeDegree
com.laomu.note.R$attr: int fadeEnabled
com.laomu.note.R$attr: int mode
com.laomu.note.R$attr: int selectorDrawable
com.laomu.note.R$attr: int selectorEnabled
com.laomu.note.R$attr: int shadowDrawable
com.laomu.note.R$attr: int shadowWidth
com.laomu.note.R$attr: int touchModeAbove
com.laomu.note.R$attr: int touchModeBehind
com.laomu.note.R$attr: int viewAbove
com.laomu.note.R$attr: int viewBehind
com.laomu.note.R$color
com.laomu.note.R$color: int F_black_light_4
com.laomu.note.R$color: int accent_1
com.laomu.note.R$color: int actionbar_background_end
com.laomu.note.R$color: int actionbar_background_item_pressed_end
com.laomu.note.R$color: int actionbar_background_item_pressed_start
com.laomu.note.R$color: int actionbar_background_start
com.laomu.note.R$color: int actionbar_separator
com.laomu.note.R$color: int actionbar_title
com.laomu.note.R$color: int all_track_color
com.laomu.note.R$color: int background_1
com.laomu.note.R$color: int bg_filter_item_normal
com.laomu.note.R$color: int bg_filter_item_pressed
com.laomu.note.R$color: int bg_label
com.laomu.note.R$color: int bg_normal
com.laomu.note.R$color: int bgcolor
com.laomu.note.R$color: int black
com.laomu.note.R$color: int black_light
com.laomu.note.R$color: int block_column_1
com.laomu.note.R$color: int block_column_2
com.laomu.note.R$color: int block_column_3
com.laomu.note.R$color: int blue
com.laomu.note.R$color: int blue_for_block
com.laomu.note.R$color: int body_text_1
com.laomu.note.R$color: int body_text_1_inverse
com.laomu.note.R$color: int body_text_2
com.laomu.note.R$color: int body_text_2_inverse
com.laomu.note.R$color: int body_text_disabled
com.laomu.note.R$color: int border_color
com.laomu.note.R$color: int city_name_color
com.laomu.note.R$color: int city_nearname_color
com.laomu.note.R$color: int city_selection_search_bg
com.laomu.note.R$color: int dark_blue
com.laomu.note.R$color: int dark_grey
com.laomu.note.R$dimen
com.laomu.note.R$dimen: int activity_horizontal_margin
com.laomu.note.R$dimen: int alphabet_size
com.laomu.note.R$dimen: int head_height
com.laomu.note.R$dimen: int list_item
com.laomu.note.R$dimen: int list_margin
com.laomu.note.R$dimen: int list_padding
com.laomu.note.R$dimen: int shadow_width
com.laomu.note.R$dimen: int slidingmenu_offset
com.laomu.note.R$dimen: int umeng_socialize_pad_window_height
com.laomu.note.R$dimen: int umeng_socialize_pad_window_width
...
com.google.gson.Gson$5
com.google.gson.Gson$5: com.google.gson.Gson this$0
com.google.gson.Gson$5: Gson$5(com.google.gson.Gson)
com.google.gson.Gson$5: java.lang.Number read(com.google.gson.stream.JsonReader)
com.google.gson.Gson$5: void write(com.google.gson.stream.JsonWriter,java.lang.Number)
com.google.gson.Gson$5: java.lang.Object read(com.google.gson.stream.JsonReader)
com.google.gson.Gson$5: void write(com.google.gson.stream.JsonWriter,java.lang.Object)
com.google.gson.Gson$FutureTypeAdapter
com.google.gson.Gson$FutureTypeAdapter: com.google.gson.TypeAdapter delegate
com.google.gson.Gson$FutureTypeAdapter: Gson$FutureTypeAdapter()
com.google.gson.Gson$FutureTypeAdapter: void setDelegate(com.google.gson.TypeAdapter)
com.google.gson.Gson$FutureTypeAdapter: java.lang.Object read(com.google.gson.stream.JsonReader)
com.google.gson.Gson$FutureTypeAdapter: void write(com.google.gson.stream.JsonWriter,java.lang.Object)
com.google.gson.GsonBuilder
com.google.gson.GsonBuilder: com.google.gson.internal.Excluder excluder
com.google.gson.GsonBuilder: com.google.gson.LongSerializationPolicy longSerializationPolicy
com.google.gson.GsonBuilder: com.google.gson.FieldNamingStrategy fieldNamingPolicy
com.google.gson.GsonBuilder: java.util.Map instanceCreators
com.google.gson.GsonBuilder: java.util.List factories
com.google.gson.GsonBuilder: java.util.List hierarchyFactories
com.google.gson.GsonBuilder: boolean serializeNulls
com.google.gson.GsonBuilder: java.lang.String datePattern
com.google.gson.GsonBuilder: int dateStyle
com.google.gson.GsonBuilder: int timeStyle
com.google.gson.GsonBuilder: boolean complexMapKeySerialization
com.google.gson.GsonBuilder: boolean serializeSpecialFloatingPointValues
com.google.gson.GsonBuilder: boolean escapeHtmlChars
com.google.gson.GsonBuilder: boolean prettyPrinting
com.google.gson.GsonBuilder: boolean generateNonExecutableJson
com.google.gson.GsonBuilder: GsonBuilder()
com.google.gson.GsonBuilder: com.google.gson.GsonBuilder setVersion(double)
com.google.gson.GsonBuilder: com.google.gson.GsonBuilder excludeFieldsWithModifiers(int[])
com.google.gson.GsonBuilder: com.google.gson.GsonBuilder generateNonExecutableJson()
com.google.gson.GsonBuilder: com.google.gson.GsonBuilder excludeFieldsWithoutExposeAnnotation()
com.google.gson.GsonBuilder: com.google.gson.GsonBuilder serializeNulls()
com.google.gson.InstanceCreator
com.google.gson.InstanceCreator: java.lang.Object createInstance(java.lang.reflect.Type)
com.google.gson.JsonArray
com.google.gson.JsonArray: java.util.List elements
com.google.gson.JsonArray: JsonArray()
com.google.gson.JsonArray: com.google.gson.JsonArray deepCopy()
com.google.gson.JsonArray: void add(com.google.gson.JsonElement)
com.google.gson.JsonArray: void addAll(com.google.gson.JsonArray)
com.google.gson.JsonArray: int size()
com.google.gson.JsonArray: java.util.Iterator iterator()
com.google.gson.JsonArray: com.google.gson.JsonElement get(int)
com.google.gson.JsonArray: java.lang.Number getAsNumber()
com.google.gson.JsonArray: java.lang.String getAsString()
com.google.gson.JsonArray: double getAsDouble()
com.google.gson.JsonArray: java.math.BigDecimal getAsBigDecimal()
com.google.gson.JsonArray: java.math.BigInteger getAsBigInteger()
com.google.gson.JsonArray: float getAsFloat()
com.google.gson.JsonArray: long getAsLong()
com.google.gson.JsonArray: int getAsInt()
com.google.gson.JsonArray: byte getAsByte()
com.google.gson.JsonArray: char getAsCharacter()
com.google.gson.JsonArray: short getAsShort()
com.google.gson.JsonArray: boolean getAsBoolean()
com.google.gson.JsonArray: boolean equals(java.lang.Object)
com.google.gson.JsonArray: int hashCode()
com.google.gson.JsonArray: com.google.gson.JsonElement deepCopy()
com.google.gson.JsonDeserializationContext
com.google.gson.JsonDeserializationContext: java.lang.Object deserialize(com.google.gson.JsonElement,java.lang.reflect.Type)