MuNote1_3/proguard/mapping.txt
com.laomu.note.MainActivity -> com.laomu.note.MainActivity:
    java.lang.String TAG_LEFT -> p
    java.lang.String TAG_RIGHT -> q
    java.lang.String TAG_MAIN -> r
    android.support.v4.app.FragmentTransaction frameManager -> s
    long mFirstime -> t
    com.jeremyfeinstein.slidingmenu.lib.SlidingMenu sm -> n
    com.laomu.note.ui.imp.SlidingMenuShowLis lis -> o
    26:38:void onCreate(android.os.Bundle) -> onCreate
    61:76:void initSlidingMenu(android.os.Bundle) -> a
    80:91:boolean onKeyDown(int,android.view.KeyEvent) -> onKeyDown
com.laomu.note.MainActivity$1 -> com.laomu.note.MainActivity$1:
    com.laomu.note.MainActivity this$0 -> a
    44:48:void showleftMenu() -> a
    52:57:void showRightMenu() -> b
com.laomu.note.R -> com.laomu.note.R:
com.laomu.note.R$anim -> com.laomu.note.R$anim:
    int alpha_in -> alpha_in
    int alpha_out -> alpha_out
    int anim_down -> anim_down
    int anim_up -> anim_up
    int loading_circle -> loading_circle
    int loading_view_anim -> loading_view_anim
    int shake_umeng_socialize_cycle_5 -> shake_umeng_socialize_cycle_5
    int shake_umeng_socialize_dlg_alpha -> shake_umeng_socialize_dlg_alpha
    int shake_umeng_socialize_dlg_scale -> shake_umeng_socialize_dlg_scale
    int shake_umeng_socialize_edit_anim -> shake_umeng_socialize_edit_anim
    int shake_umeng_socialize_imageview_rotate -> shake_umeng_socialize_imageview_rotate
    int shake_umeng_socialize_scrshot_dlg -> shake_umeng_socialize_scrshot_dlg
    int umeng_socialize_fade_in -> umeng_socialize_fade_in
    int umeng_socialize_fade_out -> umeng_socialize_fade_out
    int umeng_socialize_shareboard_animation_in -> umeng_socialize_shareboard_animation_in
    int umeng_socialize_shareboard_animation_out -> umeng_socialize_shareboard_animation_out
    int umeng_socialize_slide_in_from_bottom -> umeng_socialize_slide_in_from_bottom
    int umeng_socialize_slide_out_from_bottom -> umeng_socialize_slide_out_from_bottom
com.laomu.note.R$attr -> com.laomu.note.R$attr:
    int behindOffset -> behindOffset
    int behindScrollScale -> behindScrollScale
    int behindWidth -> behindWidth
    int fadeDegree -> fadeDegree
    int fadeEnabled -> fadeEnabled
    int mode -> mode
    int selectorDrawable -> selectorDrawable
    int selectorEnabled -> selectorEnabled
    int shadowDrawable -> shadowDrawable
    int shadowWidth -> shadowWidth
    int touchModeAbove -> touchModeAbove
    int touchModeBehind -> touchModeBehind
    int viewAbove -> viewAbove
    int viewBehind -> viewBehind
...
com.umeng.newxp.controller.XpListenersCenter$FloatDialogListener -> com.umeng.newxp.controller.XpListenersCenter$FloatDialogListener:
    168:168:void onStart() -> onStart
    176:176:void onPrepared(int) -> onPrepared
    185:185:void onShow(boolean) -> onShow
    191:191:void onClose() -> onClose
    199:199:boolean onConfirmClickWithCallBackUrl(java.lang.String) -> onConfirmClickWithCallBackUrl
com.umeng.newxp.controller.XpListenersCenter$InitializeListener -> com.umeng.newxp.controller.XpListenersCenter$InitializeListener:
    void onStartRequestData(int) -> onStartRequestData
    void onReceived(int) -> onReceived
com.umeng.newxp.controller.XpListenersCenter$LargeGalleryBindListener -> com.umeng.newxp.controller.XpListenersCenter$LargeGalleryBindListener:
    void onStart(com.umeng.newxp.controller.XpListenersCenter$BindMode,android.view.ViewGroup) -> onStart
    void onEnd(com.umeng.newxp.controller.XpListenersCenter$STATUS,android.view.ViewGroup) -> onEnd
com.umeng.newxp.controller.XpListenersCenter$ListClickListener -> com.umeng.newxp.controller.XpListenersCenter$ListClickListener:
    void click(com.umeng.newxp.Promoter) -> click
com.umeng.newxp.controller.XpListenersCenter$MoreClickListener -> com.umeng.newxp.controller.XpListenersCenter$MoreClickListener:
    void click() -> click
com.umeng.newxp.controller.XpListenersCenter$MoreFinishListener -> com.umeng.newxp.controller.XpListenersCenter$MoreFinishListener:
    void finish() -> finish
com.umeng.newxp.controller.XpListenersCenter$NTipsChangedListener -> com.umeng.newxp.controller.XpListenersCenter$NTipsChangedListener:
    void onChanged(int) -> onChanged
com.umeng.newxp.controller.XpListenersCenter$ReportListener -> com.umeng.newxp.controller.XpListenersCenter$ReportListener:
    void onReportStart(java.util.Map) -> onReportStart
    void onReportEnd(com.umeng.common.net.o$a) -> onReportEnd
com.umeng.newxp.controller.XpListenersCenter$STATUS -> com.umeng.newxp.controller.XpListenersCenter$STATUS:
    com.umeng.newxp.controller.XpListenersCenter$STATUS SUCCESS -> SUCCESS
    com.umeng.newxp.controller.XpListenersCenter$STATUS FAIL -> FAIL
    com.umeng.newxp.controller.XpListenersCenter$STATUS[] $VALUES -> $VALUES
    231:231:com.umeng.newxp.controller.XpListenersCenter$STATUS[] values() -> values
    231:231:com.umeng.newxp.controller.XpListenersCenter$STATUS valueOf(java.lang.String) -> valueOf
com.umeng.newxp.controller.a -> com.umeng.newxp.controller.a:
    java.util.ArrayList a -> a
    int b -> b
    23:26:void a(java.util.List) -> a
    29:29:int a() -> a
    33:33:int b() -> b
    38:41:boolean hasNext() -> hasNext
    46:49:com.umeng.newxp.Promoter c() -> c
    54:56:void remove() -> remove
    59:63:com.umeng.newxp.Promoter d() -> d
    68:75:com.umeng.newxp.controller.a$a e() -> e
    80:86:java.util.List a(int) -> a
    90:93:com.umeng.newxp.Promoter f() -> f
    97:100:com.umeng.newxp.Promoter b(int) -> b
    9:9:java.lang.Object next() -> next
com.umeng.newxp.controller.a$a -> com.umeng.newxp.controller.a$a:
    com.umeng.newxp.Promoter a -> a
    int b -> b