MuNote1_3/proguard/usage.txt
com.laomu.note.BuildConfig
com.laomu.note.R:
    10:10:public R()
com.laomu.note.common.Camera.CameraSurfaceView:
    private static android.hardware.Camera$PictureCallback mPictureCallback
com.laomu.note.common.Camera.DataLoadThread:
    25:26:public void setHandler(android.os.Handler)
com.laomu.note.common.Camera.ImageManeger:
    25:25:public ImageManeger()
    29:29:public static android.support.v4.util.LruCache getImageLruCache()
com.laomu.note.common.Camera.package-info
com.laomu.note.common.CommonDefine:
    public static final java.lang.String XUNFEI_ACTION_INPUT
    public static final java.lang.String XUNFEI_TITLE_DONE
    public static final java.lang.String XUNFEI_TITLE_CANCEL
    public static final java.lang.String XUNFEI_APPID
    public static final java.lang.String Weixin_AppID
    public static final java.lang.String Weixin_AppSecret
    public static final java.lang.String OpenQQ_AppID
    public static final java.lang.String OpenQQ_AppKey
    public static final java.lang.String WEB_SITE
    11:11:public CommonDefine()
com.laomu.note.common.MuLog:
    13:13:public MuLog()
com.laomu.note.common.lbs.LocationInfoImp
com.laomu.note.common.lbs.LocationInfoManeger:
    private static com.laomu.note.common.lbs.LocationInfoImp mLocationInfoImp
    35:36:public void setLocationInfoLisener(com.laomu.note.common.lbs.LocationInfoImp)
    55:61:public void deactiveLocate()
com.laomu.note.common.preferences.PreferenceCenter
com.laomu.note.common.speech.SpeechJsonParser:
    10:10:public SpeechJsonParser()
    38:63:public static java.lang.String parseGrammarResult(java.lang.String)
com.laomu.note.common.speech.SpeechManeger:
    public static final int MSG_RESPONSE
com.laomu.note.common.weather.WeatherController:
    private java.lang.String cityName
    private java.lang.String cityCode
    private static final java.lang.String baseBaiduWeatherUrl
    private static final java.lang.String ak
    21:21:public WeatherController()
    29:29:public void getCityWeather(java.lang.String)
com.laomu.note.ui.NoteApplication:
    64:75:private void initWeatherData()
com.laomu.note.ui.act.CitySelectionActivity:
    private com.laomu.note.ui.adapter.CitySelectionListViewSectionAdapter mSectionAdatper
com.laomu.note.ui.act.CitySelectionActivity$OverlayThread:
    119:119:private CitySelectionActivity$OverlayThread(com.laomu.note.ui.act.CitySelectionActivity)
com.laomu.note.ui.act.TextNoteActivity:
    private static final int REQUEST_CODE_SEARCH
com.laomu.note.ui.act.ad.JumiAdActivity:
    63:63:private void startYoumiAd()
    66:67:private void closeJumiAd()
com.laomu.note.ui.act.camera.CameraPicturesActivity$DataLoadedHandler
com.laomu.note.ui.act.camera.package-info
com.laomu.note.ui.adapter.CitySelectionListViewSectionAdapter
com.laomu.note.ui.adapter.CitySelectionListViewSectionAdapter$ViewHolder
com.laomu.note.ui.base.NoteBaseFragment:
    private android.support.v4.app.FragmentTransaction mFragmentManeger
    45:50:public void openPage(java.lang.String,android.support.v4.app.Fragment)
    86:87:public void toast(java.lang.String)
    90:91:public void logd(java.lang.String)
com.laomu.note.ui.fragment.package-info
com.laomu.note.ui.imp.package-info
com.laomu.note.ui.loadingview.NoteLoadingView:
    private android.view.animation.Animation mLoadingAnimation
    32:34:public NoteLoadingView(android.content.Context)
    42:44:public void show()
    47:48:public void dismiss()
com.laomu.note.ui.loadingview.package-info
com.laomu.note.ui.menu.LeftSlidingMenu:
    private com.laomu.note.ui.imp.SlidingMenuShowLis mSMShowLis
com.laomu.note.ui.share.ShareManeger:
    108:109:public void openUserCenter(android.app.Activity)
com.laomu.note.ui.util.Base64
...
com.hp.hpl.sparta.xpath.Step:
    Step(com.hp.hpl.sparta.xpath.XPath,boolean,com.hp.hpl.sparta.xpath.SimpleStreamTokenizer)
    public boolean isStringValue()
    public com.hp.hpl.sparta.xpath.NodeTest getNodeTest()
    public com.hp.hpl.sparta.xpath.BooleanExpr getPredicate()
com.hp.hpl.sparta.xpath.TextCompareExpr
com.hp.hpl.sparta.xpath.TextEqualsExpr
com.hp.hpl.sparta.xpath.TextExistsExpr
com.hp.hpl.sparta.xpath.TextNotEqualsExpr
com.hp.hpl.sparta.xpath.TextTest
com.hp.hpl.sparta.xpath.ThisNodeTest:
    public void accept(com.hp.hpl.sparta.xpath.Visitor)
    public boolean isStringValue()
com.hp.hpl.sparta.xpath.TrueExpr:
    public void accept(com.hp.hpl.sparta.xpath.BooleanExprVisitor)
com.hp.hpl.sparta.xpath.Visitor
com.hp.hpl.sparta.xpath.XPath:
    private static final int ASSERTION
    private XPath(java.lang.String)
    private XPath(java.lang.String,java.io.Reader)
    public boolean isAbsolute()
    public boolean isStringValue()
    public java.util.Enumeration getSteps()
    public java.lang.String getIndexingAttrName()
    public java.lang.String getIndexingAttrNameOfEquals()
    public static com.hp.hpl.sparta.xpath.XPath get(java.lang.String)
    public static com.hp.hpl.sparta.xpath.XPath get(boolean,com.hp.hpl.sparta.xpath.Step[])
    public static boolean isStringValue(java.lang.String)
com.jeremyfeinstein.slidingmenu.lib.CanvasTransformerBuilder
com.jeremyfeinstein.slidingmenu.lib.CanvasTransformerBuilder$1
com.jeremyfeinstein.slidingmenu.lib.CanvasTransformerBuilder$2
com.jeremyfeinstein.slidingmenu.lib.CanvasTransformerBuilder$3
com.jeremyfeinstein.slidingmenu.lib.CanvasTransformerBuilder$4
com.jeremyfeinstein.slidingmenu.lib.CanvasTransformerBuilder$5
com.jeremyfeinstein.slidingmenu.lib.CanvasTransformerBuilder$6
com.jeremyfeinstein.slidingmenu.lib.CustomViewAbove:
    private static final java.lang.String TAG
    private static final boolean DEBUG
    private static final boolean USE_CACHE
    private static final int MAX_SETTLE_DURATION
    private static final int MIN_DISTANCE_FOR_FLING
    private static final int INVALID_POINTER
    263:264:public void setOnOpenedListener(com.jeremyfeinstein.slidingmenu.lib.SlidingMenu$OnOpenedListener)
    267:268:public void setOnClosedListener(com.jeremyfeinstein.slidingmenu.lib.SlidingMenu$OnClosedListener)
    283:286:public void addIgnoredView(android.view.View)
    289:290:public void removeIgnoredView(android.view.View)
    293:294:public void clearIgnoredViews()
    326:326:public int getContentLeft()
    351:357:public int getChildWidth(int)
    362:362:public boolean isSlidingEnabled()
    366:367:public void setSlidingEnabled(boolean)
    376:377:void smoothScrollTo(int,int)
    482:484:public void setAboveOffset(int)
    572:572:public int getTouchMode()
    900:917:protected boolean canScroll(android.view.View,boolean,int,int,int)
com.jeremyfeinstein.slidingmenu.lib.CustomViewAbove$SimpleOnPageChangeListener:
    147:147:public void onPageScrollStateChanged(int)
com.jeremyfeinstein.slidingmenu.lib.CustomViewBehind:
    private static final java.lang.String TAG
    private static final int MARGIN_THRESHOLD
    49:50:public void setCanvasTransformer(com.jeremyfeinstein.slidingmenu.lib.SlidingMenu$CanvasTransformer)
    58:59:public void setMarginThreshold(int)
    62:62:public int getMarginThreshold()
    168:168:public int getMode()
    176:176:public float getScrollScale()
    185:187:public void setSecondaryShadowDrawable(android.graphics.drawable.Drawable)
    417:426:public void setSelectedView(android.view.View)
com.jeremyfeinstein.slidingmenu.lib.MenuInterface
com.jeremyfeinstein.slidingmenu.lib.R:
    9:9:public R()
com.jeremyfeinstein.slidingmenu.lib.R$attr
com.jeremyfeinstein.slidingmenu.lib.R$id:
    26:26:public R$id()
com.jeremyfeinstein.slidingmenu.lib.R$layout:
    34:34:public R$layout()
com.jeremyfeinstein.slidingmenu.lib.R$styleable:
    37:37:public R$styleable()